<?xml version="1.0" encoding="UTF-8"?>
<!-- Generated by org.testng.reporters.JUnitReportReporter -->
<testsuite hostname="PiyushAgarwal" failures="0" tests="2" name="com.bonmoja.tests.SportsPageTest" time="74.086" errors="0" timestamp="2024-09-30T15:45:57 IST" skipped="0">
  <testcase classname="com.bonmoja.tests.SportsPageTest" name="placePositiveBet" time="46.437"/>
  <testcase classname="com.bonmoja.tests.SportsPageTest" name="placeNegativeBet" time="27.649"/>
</testsuite> <!-- com.bonmoja.tests.SportsPageTest -->
