<?xml version="1.0" encoding="UTF-8"?>
<!-- Generated by org.testng.reporters.JUnitReportReporter -->
<testsuite hostname="PiyushAgarwal" failures="0" tests="1" name="com.bonmoja.tests.LoginPageTest" time="11.260" errors="0" timestamp="2024-09-30T15:45:57 IST" skipped="0">
  <testcase classname="com.bonmoja.tests.LoginPageTest" name="LoginTest" time="11.260"/>
</testsuite> <!-- com.bonmoja.tests.LoginPageTest -->
